2026-01-10 17:00:09.667 INFO  [TraceID: N/A | SpanID: N/A] [SpringApplicationShutdownHook] o.s.boot.web.embedded.tomcat.GracefulShutdown#shutDownGracefully : Commencing graceful shutdown. Waiting for active requests to complete
2026-01-10 17:00:09.678 INFO  [TraceID: N/A | SpanID: N/A] [tomcat-shutdown] o.s.boot.web.embedded.tomcat.GracefulShutdown#doShutdown : Graceful shutdown complete
2026-01-10 17:00:09.686 INFO  [TraceID: N/A | SpanID: N/A] [SpringApplicationShutdownHook] o.s.orm.jpa.LocalContainerEntityManagerFactoryBean#destroy : Closing JPA EntityManagerFactory for persistence unit 'default'
2026-01-10 17:00:09.689 INFO  [TraceID: N/A | SpanID: N/A] [SpringApplicationShutdownHook] com.zaxxer.hikari.HikariDataSource#close : HikariPool-1 - Shutdown initiated...
2026-01-10 17:00:09.695 INFO  [TraceID: N/A | SpanID: N/A] [SpringApplicationShutdownHook] com.zaxxer.hikari.HikariDataSource#close : HikariPool-1 - Shutdown completed.
2026-01-10 17:00:14.917 INFO  [TraceID: N/A | SpanID: N/A] [main] c.c.microservice_auth.MicroserviceAuthApplication#logStarting : Starting MicroserviceAuthApplication using Java 21.0.5 with PID 18808 (D:\projects\Vetly\vetly\microservice-auth\target\classes started by LUIS in D:\projects\Vetly\vetly)
2026-01-10 17:00:14.920 INFO  [TraceID: N/A | SpanID: N/A] [main] c.c.microservice_auth.MicroserviceAuthApplication#logStartupProfileInfo : No active profile set, falling back to 1 default profile: "default"
2026-01-10 17:00:16.370 INFO  [TraceID: N/A | SpanID: N/A] [main] o.s.d.r.config.RepositoryConfigurationDelegate#registerRepositoriesIn : Bootstrapping Spring Data JPA repositories in DEFAULT mode.
2026-01-10 17:00:16.522 INFO  [TraceID: N/A | SpanID: N/A] [main] o.s.d.r.config.RepositoryConfigurationDelegate#registerRepositoriesIn : Finished Spring Data repository scanning in 137 ms. Found 7 JPA repository interfaces.
2026-01-10 17:00:17.452 INFO  [TraceID: N/A | SpanID: N/A] [main] o.s.boot.web.embedded.tomcat.TomcatWebServer#initialize : Tomcat initialized with port 5405 (http)
2026-01-10 17:00:17.466 INFO  [TraceID: N/A | SpanID: N/A] [main] org.apache.coyote.http11.Http11NioProtocol#log : Initializing ProtocolHandler ["http-nio-5405"]
2026-01-10 17:00:17.470 INFO  [TraceID: N/A | SpanID: N/A] [main] org.apache.catalina.core.StandardService#log : Starting service [Tomcat]
2026-01-10 17:00:17.470 INFO  [TraceID: N/A | SpanID: N/A] [main] org.apache.catalina.core.StandardEngine#log : Starting Servlet engine: [Apache Tomcat/10.1.43]
2026-01-10 17:00:17.548 INFO  [TraceID: N/A | SpanID: N/A] [main] o.a.c.core.ContainerBase.[Tomcat].[localhost].[/]#log : Initializing Spring embedded WebApplicationContext
2026-01-10 17:00:17.548 INFO  [TraceID: N/A | SpanID: N/A] [main] o.s.b.w.s.c.ServletWebServerApplicationContext#prepareWebApplicationContext : Root WebApplicationContext: initialization completed in 2579 ms
2026-01-10 17:00:18.143 INFO  [TraceID: N/A | SpanID: N/A] [main] com.zaxxer.hikari.HikariDataSource#getConnection : HikariPool-1 - Starting...
2026-01-10 17:00:18.334 INFO  [TraceID: N/A | SpanID: N/A] [main] com.zaxxer.hikari.pool.HikariPool#checkFailFast : HikariPool-1 - Added connection org.postgresql.jdbc.PgConnection@4f525e13
2026-01-10 17:00:18.336 INFO  [TraceID: N/A | SpanID: N/A] [main] com.zaxxer.hikari.HikariDataSource#getConnection : HikariPool-1 - Start completed.
2026-01-10 17:00:18.380 INFO  [TraceID: N/A | SpanID: N/A] [main] org.flywaydb.core.FlywayExecutor#info : Database: jdbc:postgresql://localhost:5433/authentication_vetly (PostgreSQL 17.6)
2026-01-10 17:00:18.465 INFO  [TraceID: N/A | SpanID: N/A] [main] org.flywaydb.core.internal.command.DbValidate#info : Successfully validated 5 migrations (execution time 00:00.039s)
2026-01-10 17:00:18.536 INFO  [TraceID: N/A | SpanID: N/A] [main] org.flywaydb.core.internal.command.DbMigrate#info : Current version of schema "public": 5
2026-01-10 17:00:18.541 INFO  [TraceID: N/A | SpanID: N/A] [main] org.flywaydb.core.internal.command.DbMigrate#info : Schema "public" is up to date. No migration necessary.
2026-01-10 17:00:18.720 INFO  [TraceID: N/A | SpanID: N/A] [main] org.hibernate.jpa.internal.util.LogHelper#logPersistenceUnitInformation : HHH000204: Processing PersistenceUnitInfo [name: default]
2026-01-10 17:00:18.796 INFO  [TraceID: N/A | SpanID: N/A] [main] org.hibernate.Version#logVersion : HHH000412: Hibernate ORM core version 6.6.22.Final
2026-01-10 17:00:18.844 INFO  [TraceID: N/A | SpanID: N/A] [main] o.hibernate.cache.internal.RegionFactoryInitiator#initiateService : HHH000026: Second-level cache disabled
2026-01-10 17:00:19.245 INFO  [TraceID: N/A | SpanID: N/A] [main] o.s.o.j.persistenceunit.SpringPersistenceUnitInfo#addTransformer : No LoadTimeWeaver setup: ignoring JPA class transformer
2026-01-10 17:00:19.363 INFO  [TraceID: N/A | SpanID: N/A] [main] org.hibernate.orm.connections.pooling#logConnectionInfo : HHH10001005: Database info:
	Database JDBC URL [Connecting through datasource 'HikariDataSource (HikariPool-1)']
	Database driver: undefined/unknown
	Database version: 17.6
	Autocommit mode: undefined/unknown
	Isolation level: undefined/unknown
	Minimum pool size: undefined/unknown
	Maximum pool size: undefined/unknown
2026-01-10 17:00:20.253 INFO  [TraceID: N/A | SpanID: N/A] [main] o.h.m.internal.EntityInstantiatorPojoStandard#resolveConstructor : HHH000182: No default (no-argument) constructor for class: com.company.microservice_auth.entity.AuditLogin (class must be instantiated by Interceptor)
2026-01-10 17:00:20.582 INFO  [TraceID: N/A | SpanID: N/A] [main] o.h.e.t.jta.platform.internal.JtaPlatformInitiator#initiateService : HHH000489: No JTA platform available (set 'hibernate.transaction.jta.platform' to enable JTA platform integration)
2026-01-10 17:00:20.584 INFO  [TraceID: N/A | SpanID: N/A] [main] o.s.orm.jpa.LocalContainerEntityManagerFactoryBean#buildNativeEntityManagerFactory : Initialized JPA EntityManagerFactory for persistence unit 'default'
2026-01-10 17:00:20.925 INFO  [TraceID: N/A | SpanID: N/A] [main] o.s.data.jpa.repository.query.QueryEnhancerFactory#<clinit> : Hibernate is in classpath; If applicable, HQL parser will be used.
2026-01-10 17:00:21.519 INFO  [TraceID: N/A | SpanID: N/A] [main] o.s.s.c.a.a.c.InitializeAuthenticationProviderBeanManagerConfigurer$InitializeAuthenticationProviderManagerConfigurer#configure : Global AuthenticationManager configured with AuthenticationProvider bean with name authenticationProvider
2026-01-10 17:00:21.520 WARN  [TraceID: N/A | SpanID: N/A] [main] o.s.s.c.a.a.c.InitializeUserDetailsBeanManagerConfigurer$InitializeUserDetailsManagerConfigurer#configure : Global AuthenticationManager configured with an AuthenticationProvider bean. UserDetailsService beans will not be used by Spring Security for automatically configuring username/password login. Consider removing the AuthenticationProvider bean. Alternatively, consider using the UserDetailsService in a manually instantiated DaoAuthenticationProvider. If the current configuration is intentional, to turn off this warning, increase the logging level of 'org.springframework.security.config.annotation.authentication.configuration.InitializeUserDetailsBeanManagerConfigurer' to ERROR
2026-01-10 17:00:21.800 WARN  [TraceID: N/A | SpanID: N/A] [main] o.s.b.a.o.j.JpaBaseConfiguration$JpaWebConfiguration#openEntityManagerInViewInterceptor : spring.jpa.open-in-view is enabled by default. Therefore, database queries may be performed during view rendering. Explicitly configure spring.jpa.open-in-view to disable this warning
2026-01-10 17:00:22.172 INFO  [TraceID: N/A | SpanID: N/A] [main] o.s.b.actuate.endpoint.web.EndpointLinksResolver#<init> : Exposing 1 endpoint beneath base path '/actuator'
2026-01-10 17:00:22.734 INFO  [TraceID: N/A | SpanID: N/A] [main] org.apache.coyote.http11.Http11NioProtocol#log : Starting ProtocolHandler ["http-nio-5405"]
2026-01-10 17:00:22.786 INFO  [TraceID: N/A | SpanID: N/A] [main] o.s.boot.web.embedded.tomcat.TomcatWebServer#start : Tomcat started on port 5405 (http) with context path '/'
2026-01-10 17:00:22.800 INFO  [TraceID: N/A | SpanID: N/A] [main] c.c.microservice_auth.MicroserviceAuthApplication#logStarted : Started MicroserviceAuthApplication in 8.559 seconds (process running for 8.998)
2026-01-10 17:00:30.622 INFO  [TraceID: N/A | SpanID: N/A] [http-nio-5405-exec-1] o.a.c.core.ContainerBase.[Tomcat].[localhost].[/]#log : Initializing Spring DispatcherServlet 'dispatcherServlet'
2026-01-10 17:00:30.622 INFO  [TraceID: N/A | SpanID: N/A] [http-nio-5405-exec-1] org.springframework.web.servlet.DispatcherServlet#initServletBean : Initializing Servlet 'dispatcherServlet'
2026-01-10 17:00:30.624 INFO  [TraceID: N/A | SpanID: N/A] [http-nio-5405-exec-1] org.springframework.web.servlet.DispatcherServlet#initServletBean : Completed initialization in 1 ms
2026-01-10 17:00:30.794 INFO  [TraceID: 6962cbfef9ad66fbe067c5f22fc638c1 | SpanID: 0004e9672d0b9a11] [http-nio-5405-exec-1] c.c.microservice_auth.aspect.ObservabilityAspect#handleLogging : [START] | Process: USER_LOGIN | Method: loginAuthenticate | Arguments: [Hidden]
2026-01-10 17:00:30.795 INFO  [TraceID: 6962cbfef9ad66fbe067c5f22fc638c1 | SpanID: 0004e9672d0b9a11] [http-nio-5405-exec-1] c.c.m.ServiceImpl.auth.LoginServiceImpl#loginAuthenticate : Begin Login with user: user
2026-01-10 17:00:31.311 INFO  [TraceID: 6962cbfef9ad66fbe067c5f22fc638c1 | SpanID: 0004e9672d0b9a11] [http-nio-5405-exec-1] c.c.m.ServiceImpl.auth.LoginServiceImpl#loginAuthenticate : End Login - Successfull
2026-01-10 17:00:31.312 INFO  [TraceID: 6962cbfef9ad66fbe067c5f22fc638c1 | SpanID: 0004e9672d0b9a11] [http-nio-5405-exec-1] c.c.microservice_auth.aspect.ObservabilityAspect#handleLogging : [END] | Process: USER_LOGIN | Method: loginAuthenticate | Time: 518 | Arguments: [Hidden]
2026-01-10 17:11:12.774 INFO  [TraceID: N/A | SpanID: N/A] [SpringApplicationShutdownHook] o.s.boot.web.embedded.tomcat.GracefulShutdown#shutDownGracefully : Commencing graceful shutdown. Waiting for active requests to complete
2026-01-10 17:11:12.782 INFO  [TraceID: N/A | SpanID: N/A] [tomcat-shutdown] o.s.boot.web.embedded.tomcat.GracefulShutdown#doShutdown : Graceful shutdown complete
2026-01-10 17:11:12.789 INFO  [TraceID: N/A | SpanID: N/A] [SpringApplicationShutdownHook] o.s.orm.jpa.LocalContainerEntityManagerFactoryBean#destroy : Closing JPA EntityManagerFactory for persistence unit 'default'
2026-01-10 17:11:12.793 INFO  [TraceID: N/A | SpanID: N/A] [SpringApplicationShutdownHook] com.zaxxer.hikari.HikariDataSource#close : HikariPool-1 - Shutdown initiated...
2026-01-10 17:11:12.801 INFO  [TraceID: N/A | SpanID: N/A] [SpringApplicationShutdownHook] com.zaxxer.hikari.HikariDataSource#close : HikariPool-1 - Shutdown completed.
2026-01-10 17:11:17.729 INFO  [TraceID: N/A | SpanID: N/A] [main] c.c.microservice_auth.MicroserviceAuthApplication#logStarting : Starting MicroserviceAuthApplication using Java 21.0.5 with PID 13820 (D:\projects\Vetly\vetly\microservice-auth\target\classes started by LUIS in D:\projects\Vetly\vetly)
2026-01-10 17:11:17.732 INFO  [TraceID: N/A | SpanID: N/A] [main] c.c.microservice_auth.MicroserviceAuthApplication#logStartupProfileInfo : No active profile set, falling back to 1 default profile: "default"
2026-01-10 17:11:19.202 INFO  [TraceID: N/A | SpanID: N/A] [main] o.s.d.r.config.RepositoryConfigurationDelegate#registerRepositoriesIn : Bootstrapping Spring Data JPA repositories in DEFAULT mode.
2026-01-10 17:11:19.341 INFO  [TraceID: N/A | SpanID: N/A] [main] o.s.d.r.config.RepositoryConfigurationDelegate#registerRepositoriesIn : Finished Spring Data repository scanning in 126 ms. Found 7 JPA repository interfaces.
2026-01-10 17:11:20.293 INFO  [TraceID: N/A | SpanID: N/A] [main] o.s.boot.web.embedded.tomcat.TomcatWebServer#initialize : Tomcat initialized with port 5405 (http)
2026-01-10 17:11:20.310 INFO  [TraceID: N/A | SpanID: N/A] [main] org.apache.coyote.http11.Http11NioProtocol#log : Initializing ProtocolHandler ["http-nio-5405"]
2026-01-10 17:11:20.312 INFO  [TraceID: N/A | SpanID: N/A] [main] org.apache.catalina.core.StandardService#log : Starting service [Tomcat]
2026-01-10 17:11:20.313 INFO  [TraceID: N/A | SpanID: N/A] [main] org.apache.catalina.core.StandardEngine#log : Starting Servlet engine: [Apache Tomcat/10.1.43]
2026-01-10 17:11:20.377 INFO  [TraceID: N/A | SpanID: N/A] [main] o.a.c.core.ContainerBase.[Tomcat].[localhost].[/]#log : Initializing Spring embedded WebApplicationContext
2026-01-10 17:11:20.378 INFO  [TraceID: N/A | SpanID: N/A] [main] o.s.b.w.s.c.ServletWebServerApplicationContext#prepareWebApplicationContext : Root WebApplicationContext: initialization completed in 2588 ms
2026-01-10 17:11:20.940 INFO  [TraceID: N/A | SpanID: N/A] [main] com.zaxxer.hikari.HikariDataSource#getConnection : HikariPool-1 - Starting...
2026-01-10 17:11:21.129 INFO  [TraceID: N/A | SpanID: N/A] [main] com.zaxxer.hikari.pool.HikariPool#checkFailFast : HikariPool-1 - Added connection org.postgresql.jdbc.PgConnection@6fe5da76
2026-01-10 17:11:21.130 INFO  [TraceID: N/A | SpanID: N/A] [main] com.zaxxer.hikari.HikariDataSource#getConnection : HikariPool-1 - Start completed.
2026-01-10 17:11:21.166 INFO  [TraceID: N/A | SpanID: N/A] [main] org.flywaydb.core.FlywayExecutor#info : Database: jdbc:postgresql://localhost:5433/authentication_vetly (PostgreSQL 17.6)
2026-01-10 17:11:21.249 INFO  [TraceID: N/A | SpanID: N/A] [main] org.flywaydb.core.internal.command.DbValidate#info : Successfully validated 5 migrations (execution time 00:00.044s)
2026-01-10 17:11:21.316 INFO  [TraceID: N/A | SpanID: N/A] [main] org.flywaydb.core.internal.command.DbMigrate#info : Current version of schema "public": 5
2026-01-10 17:11:21.321 INFO  [TraceID: N/A | SpanID: N/A] [main] org.flywaydb.core.internal.command.DbMigrate#info : Schema "public" is up to date. No migration necessary.
2026-01-10 17:11:21.489 INFO  [TraceID: N/A | SpanID: N/A] [main] org.hibernate.jpa.internal.util.LogHelper#logPersistenceUnitInformation : HHH000204: Processing PersistenceUnitInfo [name: default]
2026-01-10 17:11:21.558 INFO  [TraceID: N/A | SpanID: N/A] [main] org.hibernate.Version#logVersion : HHH000412: Hibernate ORM core version 6.6.22.Final
2026-01-10 17:11:21.601 INFO  [TraceID: N/A | SpanID: N/A] [main] o.hibernate.cache.internal.RegionFactoryInitiator#initiateService : HHH000026: Second-level cache disabled
2026-01-10 17:11:21.963 INFO  [TraceID: N/A | SpanID: N/A] [main] o.s.o.j.persistenceunit.SpringPersistenceUnitInfo#addTransformer : No LoadTimeWeaver setup: ignoring JPA class transformer
2026-01-10 17:11:22.059 INFO  [TraceID: N/A | SpanID: N/A] [main] org.hibernate.orm.connections.pooling#logConnectionInfo : HHH10001005: Database info:
	Database JDBC URL [Connecting through datasource 'HikariDataSource (HikariPool-1)']
	Database driver: undefined/unknown
	Database version: 17.6
	Autocommit mode: undefined/unknown
	Isolation level: undefined/unknown
	Minimum pool size: undefined/unknown
	Maximum pool size: undefined/unknown
2026-01-10 17:11:22.846 INFO  [TraceID: N/A | SpanID: N/A] [main] o.h.m.internal.EntityInstantiatorPojoStandard#resolveConstructor : HHH000182: No default (no-argument) constructor for class: com.company.microservice_auth.entity.AuditLogin (class must be instantiated by Interceptor)
2026-01-10 17:11:23.160 INFO  [TraceID: N/A | SpanID: N/A] [main] o.h.e.t.jta.platform.internal.JtaPlatformInitiator#initiateService : HHH000489: No JTA platform available (set 'hibernate.transaction.jta.platform' to enable JTA platform integration)
2026-01-10 17:11:23.163 INFO  [TraceID: N/A | SpanID: N/A] [main] o.s.orm.jpa.LocalContainerEntityManagerFactoryBean#buildNativeEntityManagerFactory : Initialized JPA EntityManagerFactory for persistence unit 'default'
2026-01-10 17:11:23.658 INFO  [TraceID: N/A | SpanID: N/A] [main] o.s.data.jpa.repository.query.QueryEnhancerFactory#<clinit> : Hibernate is in classpath; If applicable, HQL parser will be used.
2026-01-10 17:11:24.462 INFO  [TraceID: N/A | SpanID: N/A] [main] o.s.s.c.a.a.c.InitializeAuthenticationProviderBeanManagerConfigurer$InitializeAuthenticationProviderManagerConfigurer#configure : Global AuthenticationManager configured with AuthenticationProvider bean with name authenticationProvider
2026-01-10 17:11:24.465 WARN  [TraceID: N/A | SpanID: N/A] [main] o.s.s.c.a.a.c.InitializeUserDetailsBeanManagerConfigurer$InitializeUserDetailsManagerConfigurer#configure : Global AuthenticationManager configured with an AuthenticationProvider bean. UserDetailsService beans will not be used by Spring Security for automatically configuring username/password login. Consider removing the AuthenticationProvider bean. Alternatively, consider using the UserDetailsService in a manually instantiated DaoAuthenticationProvider. If the current configuration is intentional, to turn off this warning, increase the logging level of 'org.springframework.security.config.annotation.authentication.configuration.InitializeUserDetailsBeanManagerConfigurer' to ERROR
2026-01-10 17:11:24.958 WARN  [TraceID: N/A | SpanID: N/A] [main] o.s.b.a.o.j.JpaBaseConfiguration$JpaWebConfiguration#openEntityManagerInViewInterceptor : spring.jpa.open-in-view is enabled by default. Therefore, database queries may be performed during view rendering. Explicitly configure spring.jpa.open-in-view to disable this warning
2026-01-10 17:11:25.421 INFO  [TraceID: N/A | SpanID: N/A] [main] o.s.b.actuate.endpoint.web.EndpointLinksResolver#<init> : Exposing 1 endpoint beneath base path '/actuator'
2026-01-10 17:11:26.116 INFO  [TraceID: N/A | SpanID: N/A] [main] org.apache.coyote.http11.Http11NioProtocol#log : Starting ProtocolHandler ["http-nio-5405"]
2026-01-10 17:11:26.137 INFO  [TraceID: N/A | SpanID: N/A] [main] o.s.boot.web.embedded.tomcat.TomcatWebServer#start : Tomcat started on port 5405 (http) with context path '/'
2026-01-10 17:11:26.149 INFO  [TraceID: N/A | SpanID: N/A] [main] c.c.microservice_auth.MicroserviceAuthApplication#logStarted : Started MicroserviceAuthApplication in 9.079 seconds (process running for 9.504)
2026-01-10 17:11:30.592 INFO  [TraceID: N/A | SpanID: N/A] [http-nio-5405-exec-3] o.a.c.core.ContainerBase.[Tomcat].[localhost].[/]#log : Initializing Spring DispatcherServlet 'dispatcherServlet'
2026-01-10 17:11:30.592 INFO  [TraceID: N/A | SpanID: N/A] [http-nio-5405-exec-3] org.springframework.web.servlet.DispatcherServlet#initServletBean : Initializing Servlet 'dispatcherServlet'
2026-01-10 17:11:30.593 INFO  [TraceID: N/A | SpanID: N/A] [http-nio-5405-exec-3] org.springframework.web.servlet.DispatcherServlet#initServletBean : Completed initialization in 1 ms
2026-01-10 17:11:30.601 ERROR [TraceID: N/A | SpanID: N/A] [http-nio-5405-exec-3] o.a.c.c.C.[.[localhost].[/].[dispatcherServlet]#log : Servlet.service() for servlet [dispatcherServlet] in context with path [] threw exception
java.lang.NullPointerException: Cannot invoke "io.micrometer.tracing.Span.context()" because the return value of "io.micrometer.tracing.Tracer.currentSpan()" is null
	at com.company.microservice_auth.config.filter.TraceFilter.doFilter(TraceFilter.java:37)
	at org.apache.catalina.core.ApplicationFilterChain.internalDoFilter(ApplicationFilterChain.java:164)
	at org.apache.catalina.core.ApplicationFilterChain.doFilter(ApplicationFilterChain.java:140)
	at org.apache.catalina.core.StandardWrapperValve.invoke(StandardWrapperValve.java:167)
	at org.apache.catalina.core.StandardContextValve.invoke(StandardContextValve.java:90)
	at org.apache.catalina.authenticator.AuthenticatorBase.invoke(AuthenticatorBase.java:483)
	at org.apache.catalina.core.StandardHostValve.invoke(StandardHostValve.java:116)
	at org.apache.catalina.valves.ErrorReportValve.invoke(ErrorReportValve.java:93)
	at org.apache.catalina.core.StandardEngineValve.invoke(StandardEngineValve.java:74)
	at org.apache.catalina.connector.CoyoteAdapter.service(CoyoteAdapter.java:344)
	at org.apache.coyote.http11.Http11Processor.service(Http11Processor.java:398)
	at org.apache.coyote.AbstractProcessorLight.process(AbstractProcessorLight.java:63)
	at org.apache.coyote.AbstractProtocol$ConnectionHandler.process(AbstractProtocol.java:903)
	at org.apache.tomcat.util.net.NioEndpoint$SocketProcessor.doRun(NioEndpoint.java:1769)
	at org.apache.tomcat.util.net.SocketProcessorBase.run(SocketProcessorBase.java:52)
	at org.apache.tomcat.util.threads.ThreadPoolExecutor.runWorker(ThreadPoolExecutor.java:1189)
	at org.apache.tomcat.util.threads.ThreadPoolExecutor$Worker.run(ThreadPoolExecutor.java:658)
	at org.apache.tomcat.util.threads.TaskThread$WrappingRunnable.run(TaskThread.java:63)
	at java.base/java.lang.Thread.run(Thread.java:1583)
2026-01-10 17:13:58.441 INFO  [TraceID: N/A | SpanID: N/A] [SpringApplicationShutdownHook] o.s.boot.web.embedded.tomcat.GracefulShutdown#shutDownGracefully : Commencing graceful shutdown. Waiting for active requests to complete
2026-01-10 17:13:58.449 INFO  [TraceID: N/A | SpanID: N/A] [tomcat-shutdown] o.s.boot.web.embedded.tomcat.GracefulShutdown#doShutdown : Graceful shutdown complete
2026-01-10 17:13:58.456 INFO  [TraceID: N/A | SpanID: N/A] [SpringApplicationShutdownHook] o.s.orm.jpa.LocalContainerEntityManagerFactoryBean#destroy : Closing JPA EntityManagerFactory for persistence unit 'default'
2026-01-10 17:13:58.459 INFO  [TraceID: N/A | SpanID: N/A] [SpringApplicationShutdownHook] com.zaxxer.hikari.HikariDataSource#close : HikariPool-1 - Shutdown initiated...
2026-01-10 17:13:58.467 INFO  [TraceID: N/A | SpanID: N/A] [SpringApplicationShutdownHook] com.zaxxer.hikari.HikariDataSource#close : HikariPool-1 - Shutdown completed.
2026-01-10 17:14:03.457 INFO  [TraceID: N/A | SpanID: N/A] [main] c.c.microservice_auth.MicroserviceAuthApplication#logStarting : Starting MicroserviceAuthApplication using Java 21.0.5 with PID 7636 (D:\projects\Vetly\vetly\microservice-auth\target\classes started by LUIS in D:\projects\Vetly\vetly)
2026-01-10 17:14:03.461 INFO  [TraceID: N/A | SpanID: N/A] [main] c.c.microservice_auth.MicroserviceAuthApplication#logStartupProfileInfo : No active profile set, falling back to 1 default profile: "default"
2026-01-10 17:14:05.180 INFO  [TraceID: N/A | SpanID: N/A] [main] o.s.d.r.config.RepositoryConfigurationDelegate#registerRepositoriesIn : Bootstrapping Spring Data JPA repositories in DEFAULT mode.
2026-01-10 17:14:05.320 INFO  [TraceID: N/A | SpanID: N/A] [main] o.s.d.r.config.RepositoryConfigurationDelegate#registerRepositoriesIn : Finished Spring Data repository scanning in 126 ms. Found 7 JPA repository interfaces.
2026-01-10 17:14:06.318 INFO  [TraceID: N/A | SpanID: N/A] [main] o.s.boot.web.embedded.tomcat.TomcatWebServer#initialize : Tomcat initialized with port 5405 (http)
2026-01-10 17:14:06.338 INFO  [TraceID: N/A | SpanID: N/A] [main] org.apache.coyote.http11.Http11NioProtocol#log : Initializing ProtocolHandler ["http-nio-5405"]
2026-01-10 17:14:06.341 INFO  [TraceID: N/A | SpanID: N/A] [main] org.apache.catalina.core.StandardService#log : Starting service [Tomcat]
2026-01-10 17:14:06.342 INFO  [TraceID: N/A | SpanID: N/A] [main] org.apache.catalina.core.StandardEngine#log : Starting Servlet engine: [Apache Tomcat/10.1.43]
2026-01-10 17:14:06.418 INFO  [TraceID: N/A | SpanID: N/A] [main] o.a.c.core.ContainerBase.[Tomcat].[localhost].[/]#log : Initializing Spring embedded WebApplicationContext
2026-01-10 17:14:06.419 INFO  [TraceID: N/A | SpanID: N/A] [main] o.s.b.w.s.c.ServletWebServerApplicationContext#prepareWebApplicationContext : Root WebApplicationContext: initialization completed in 2861 ms
2026-01-10 17:14:07.022 INFO  [TraceID: N/A | SpanID: N/A] [main] com.zaxxer.hikari.HikariDataSource#getConnection : HikariPool-1 - Starting...
2026-01-10 17:14:07.215 INFO  [TraceID: N/A | SpanID: N/A] [main] com.zaxxer.hikari.pool.HikariPool#checkFailFast : HikariPool-1 - Added connection org.postgresql.jdbc.PgConnection@319b1c77
2026-01-10 17:14:07.217 INFO  [TraceID: N/A | SpanID: N/A] [main] com.zaxxer.hikari.HikariDataSource#getConnection : HikariPool-1 - Start completed.
2026-01-10 17:14:07.258 INFO  [TraceID: N/A | SpanID: N/A] [main] org.flywaydb.core.FlywayExecutor#info : Database: jdbc:postgresql://localhost:5433/authentication_vetly (PostgreSQL 17.6)
2026-01-10 17:14:07.327 INFO  [TraceID: N/A | SpanID: N/A] [main] org.flywaydb.core.internal.command.DbValidate#info : Successfully validated 5 migrations (execution time 00:00.036s)
2026-01-10 17:14:07.384 INFO  [TraceID: N/A | SpanID: N/A] [main] org.flywaydb.core.internal.command.DbMigrate#info : Current version of schema "public": 5
2026-01-10 17:14:07.389 INFO  [TraceID: N/A | SpanID: N/A] [main] org.flywaydb.core.internal.command.DbMigrate#info : Schema "public" is up to date. No migration necessary.
2026-01-10 17:14:07.579 INFO  [TraceID: N/A | SpanID: N/A] [main] org.hibernate.jpa.internal.util.LogHelper#logPersistenceUnitInformation : HHH000204: Processing PersistenceUnitInfo [name: default]
2026-01-10 17:14:07.688 INFO  [TraceID: N/A | SpanID: N/A] [main] org.hibernate.Version#logVersion : HHH000412: Hibernate ORM core version 6.6.22.Final
2026-01-10 17:14:07.754 INFO  [TraceID: N/A | SpanID: N/A] [main] o.hibernate.cache.internal.RegionFactoryInitiator#initiateService : HHH000026: Second-level cache disabled
2026-01-10 17:14:08.203 INFO  [TraceID: N/A | SpanID: N/A] [main] o.s.o.j.persistenceunit.SpringPersistenceUnitInfo#addTransformer : No LoadTimeWeaver setup: ignoring JPA class transformer
2026-01-10 17:14:08.295 INFO  [TraceID: N/A | SpanID: N/A] [main] org.hibernate.orm.connections.pooling#logConnectionInfo : HHH10001005: Database info:
	Database JDBC URL [Connecting through datasource 'HikariDataSource (HikariPool-1)']
	Database driver: undefined/unknown
	Database version: 17.6
	Autocommit mode: undefined/unknown
	Isolation level: undefined/unknown
	Minimum pool size: undefined/unknown
	Maximum pool size: undefined/unknown
2026-01-10 17:14:09.065 INFO  [TraceID: N/A | SpanID: N/A] [main] o.h.m.internal.EntityInstantiatorPojoStandard#resolveConstructor : HHH000182: No default (no-argument) constructor for class: com.company.microservice_auth.entity.AuditLogin (class must be instantiated by Interceptor)
2026-01-10 17:14:09.388 INFO  [TraceID: N/A | SpanID: N/A] [main] o.h.e.t.jta.platform.internal.JtaPlatformInitiator#initiateService : HHH000489: No JTA platform available (set 'hibernate.transaction.jta.platform' to enable JTA platform integration)
2026-01-10 17:14:09.392 INFO  [TraceID: N/A | SpanID: N/A] [main] o.s.orm.jpa.LocalContainerEntityManagerFactoryBean#buildNativeEntityManagerFactory : Initialized JPA EntityManagerFactory for persistence unit 'default'
2026-01-10 17:14:09.701 INFO  [TraceID: N/A | SpanID: N/A] [main] o.s.data.jpa.repository.query.QueryEnhancerFactory#<clinit> : Hibernate is in classpath; If applicable, HQL parser will be used.
2026-01-10 17:14:10.321 INFO  [TraceID: N/A | SpanID: N/A] [main] o.s.s.c.a.a.c.InitializeAuthenticationProviderBeanManagerConfigurer$InitializeAuthenticationProviderManagerConfigurer#configure : Global AuthenticationManager configured with AuthenticationProvider bean with name authenticationProvider
2026-01-10 17:14:10.322 WARN  [TraceID: N/A | SpanID: N/A] [main] o.s.s.c.a.a.c.InitializeUserDetailsBeanManagerConfigurer$InitializeUserDetailsManagerConfigurer#configure : Global AuthenticationManager configured with an AuthenticationProvider bean. UserDetailsService beans will not be used by Spring Security for automatically configuring username/password login. Consider removing the AuthenticationProvider bean. Alternatively, consider using the UserDetailsService in a manually instantiated DaoAuthenticationProvider. If the current configuration is intentional, to turn off this warning, increase the logging level of 'org.springframework.security.config.annotation.authentication.configuration.InitializeUserDetailsBeanManagerConfigurer' to ERROR
2026-01-10 17:14:10.655 WARN  [TraceID: N/A | SpanID: N/A] [main] o.s.b.a.o.j.JpaBaseConfiguration$JpaWebConfiguration#openEntityManagerInViewInterceptor : spring.jpa.open-in-view is enabled by default. Therefore, database queries may be performed during view rendering. Explicitly configure spring.jpa.open-in-view to disable this warning
2026-01-10 17:14:11.019 INFO  [TraceID: N/A | SpanID: N/A] [main] o.s.b.actuate.endpoint.web.EndpointLinksResolver#<init> : Exposing 1 endpoint beneath base path '/actuator'
2026-01-10 17:14:11.625 INFO  [TraceID: N/A | SpanID: N/A] [main] org.apache.coyote.http11.Http11NioProtocol#log : Starting ProtocolHandler ["http-nio-5405"]
2026-01-10 17:14:11.645 INFO  [TraceID: N/A | SpanID: N/A] [main] o.s.boot.web.embedded.tomcat.TomcatWebServer#start : Tomcat started on port 5405 (http) with context path '/'
2026-01-10 17:14:11.660 INFO  [TraceID: N/A | SpanID: N/A] [main] c.c.microservice_auth.MicroserviceAuthApplication#logStarted : Started MicroserviceAuthApplication in 8.987 seconds (process running for 9.413)
2026-01-10 17:14:13.674 INFO  [TraceID: N/A | SpanID: N/A] [http-nio-5405-exec-1] o.a.c.core.ContainerBase.[Tomcat].[localhost].[/]#log : Initializing Spring DispatcherServlet 'dispatcherServlet'
2026-01-10 17:14:13.675 INFO  [TraceID: N/A | SpanID: N/A] [http-nio-5405-exec-1] org.springframework.web.servlet.DispatcherServlet#initServletBean : Initializing Servlet 'dispatcherServlet'
2026-01-10 17:14:13.676 INFO  [TraceID: N/A | SpanID: N/A] [http-nio-5405-exec-1] org.springframework.web.servlet.DispatcherServlet#initServletBean : Completed initialization in 1 ms
2026-01-10 17:14:13.786 INFO  [TraceID: 6962cf35bbd3112b449a155c02a6775d | SpanID: ac45e232edafd26f] [http-nio-5405-exec-1] c.c.microservice_auth.aspect.ObservabilityAspect#handleLogging : [START] | Process: USER_LOGIN | Method: loginAuthenticate | Arguments: [Hidden]
2026-01-10 17:14:13.786 INFO  [TraceID: 6962cf35bbd3112b449a155c02a6775d | SpanID: ac45e232edafd26f] [http-nio-5405-exec-1] c.c.m.ServiceImpl.auth.LoginServiceImpl#loginAuthenticate : Begin Login with user: user
2026-01-10 17:14:14.174 INFO  [TraceID: 6962cf35bbd3112b449a155c02a6775d | SpanID: ac45e232edafd26f] [http-nio-5405-exec-1] c.c.m.ServiceImpl.auth.LoginServiceImpl#loginAuthenticate : End Login - Successfull
2026-01-10 17:14:14.175 INFO  [TraceID: 6962cf35bbd3112b449a155c02a6775d | SpanID: ac45e232edafd26f] [http-nio-5405-exec-1] c.c.microservice_auth.aspect.ObservabilityAspect#handleLogging : [END] | Process: USER_LOGIN | Method: loginAuthenticate | Time: 389 | Arguments: [Hidden]
