2026-01-10 14:30:16.805 INFO  [TraceID: N/A | SpanID: N/A] [main] c.c.microservice_auth.MicroserviceAuthApplication#logStarting : Starting MicroserviceAuthApplication using Java 21.0.5 with PID 10220 (D:\projects\Vetly\vetly\microservice-auth\target\classes started by LUIS in D:\projects\Vetly\vetly)
2026-01-10 14:30:16.810 INFO  [TraceID: N/A | SpanID: N/A] [main] c.c.microservice_auth.MicroserviceAuthApplication#logStartupProfileInfo : No active profile set, falling back to 1 default profile: "default"
2026-01-10 14:30:21.291 INFO  [TraceID: N/A | SpanID: N/A] [main] o.s.d.r.config.RepositoryConfigurationDelegate#registerRepositoriesIn : Bootstrapping Spring Data JPA repositories in DEFAULT mode.
2026-01-10 14:30:22.170 INFO  [TraceID: N/A | SpanID: N/A] [main] o.s.d.r.config.RepositoryConfigurationDelegate#registerRepositoriesIn : Finished Spring Data repository scanning in 725 ms. Found 7 JPA repository interfaces.
2026-01-10 14:30:26.547 INFO  [TraceID: N/A | SpanID: N/A] [main] o.s.boot.web.embedded.tomcat.TomcatWebServer#initialize : Tomcat initialized with port 5405 (http)
2026-01-10 14:30:26.596 INFO  [TraceID: N/A | SpanID: N/A] [main] org.apache.coyote.http11.Http11NioProtocol#log : Initializing ProtocolHandler ["http-nio-5405"]
2026-01-10 14:30:26.600 INFO  [TraceID: N/A | SpanID: N/A] [main] org.apache.catalina.core.StandardService#log : Starting service [Tomcat]
2026-01-10 14:30:26.600 INFO  [TraceID: N/A | SpanID: N/A] [main] org.apache.catalina.core.StandardEngine#log : Starting Servlet engine: [Apache Tomcat/10.1.43]
2026-01-10 14:30:26.779 INFO  [TraceID: N/A | SpanID: N/A] [main] o.a.c.core.ContainerBase.[Tomcat].[localhost].[/]#log : Initializing Spring embedded WebApplicationContext
2026-01-10 14:30:26.779 INFO  [TraceID: N/A | SpanID: N/A] [main] o.s.b.w.s.c.ServletWebServerApplicationContext#prepareWebApplicationContext : Root WebApplicationContext: initialization completed in 9897 ms
2026-01-10 14:30:34.863 INFO  [TraceID: N/A | SpanID: N/A] [main] com.zaxxer.hikari.HikariDataSource#getConnection : HikariPool-1 - Starting...
2026-01-10 14:30:35.510 INFO  [TraceID: N/A | SpanID: N/A] [main] com.zaxxer.hikari.pool.HikariPool#checkFailFast : HikariPool-1 - Added connection org.postgresql.jdbc.PgConnection@ba0018e
2026-01-10 14:30:35.512 INFO  [TraceID: N/A | SpanID: N/A] [main] com.zaxxer.hikari.HikariDataSource#getConnection : HikariPool-1 - Start completed.
2026-01-10 14:30:35.557 INFO  [TraceID: N/A | SpanID: N/A] [main] org.flywaydb.core.FlywayExecutor#info : Database: jdbc:postgresql://localhost:5433/authentication_vetly (PostgreSQL 17.6)
2026-01-10 14:30:35.781 INFO  [TraceID: N/A | SpanID: N/A] [main] org.flywaydb.core.internal.command.DbValidate#info : Successfully validated 5 migrations (execution time 00:00.151s)
2026-01-10 14:30:35.836 INFO  [TraceID: N/A | SpanID: N/A] [main] org.flywaydb.core.internal.command.DbMigrate#info : Current version of schema "public": 5
2026-01-10 14:30:35.847 INFO  [TraceID: N/A | SpanID: N/A] [main] org.flywaydb.core.internal.command.DbMigrate#info : Schema "public" is up to date. No migration necessary.
2026-01-10 14:30:36.295 INFO  [TraceID: N/A | SpanID: N/A] [main] org.hibernate.jpa.internal.util.LogHelper#logPersistenceUnitInformation : HHH000204: Processing PersistenceUnitInfo [name: default]
2026-01-10 14:30:36.585 INFO  [TraceID: N/A | SpanID: N/A] [main] org.hibernate.Version#logVersion : HHH000412: Hibernate ORM core version 6.6.22.Final
2026-01-10 14:30:36.701 INFO  [TraceID: N/A | SpanID: N/A] [main] o.hibernate.cache.internal.RegionFactoryInitiator#initiateService : HHH000026: Second-level cache disabled
2026-01-10 14:30:37.966 INFO  [TraceID: N/A | SpanID: N/A] [main] o.s.o.j.persistenceunit.SpringPersistenceUnitInfo#addTransformer : No LoadTimeWeaver setup: ignoring JPA class transformer
2026-01-10 14:30:38.167 INFO  [TraceID: N/A | SpanID: N/A] [main] org.hibernate.orm.connections.pooling#logConnectionInfo : HHH10001005: Database info:
	Database JDBC URL [Connecting through datasource 'HikariDataSource (HikariPool-1)']
	Database driver: undefined/unknown
	Database version: 17.6
	Autocommit mode: undefined/unknown
	Isolation level: undefined/unknown
	Minimum pool size: undefined/unknown
	Maximum pool size: undefined/unknown
2026-01-10 14:30:39.555 INFO  [TraceID: N/A | SpanID: N/A] [main] o.h.m.internal.EntityInstantiatorPojoStandard#resolveConstructor : HHH000182: No default (no-argument) constructor for class: com.company.microservice_auth.entity.AuditLogin (class must be instantiated by Interceptor)
2026-01-10 14:30:40.131 INFO  [TraceID: N/A | SpanID: N/A] [main] o.h.e.t.jta.platform.internal.JtaPlatformInitiator#initiateService : HHH000489: No JTA platform available (set 'hibernate.transaction.jta.platform' to enable JTA platform integration)
2026-01-10 14:30:40.136 INFO  [TraceID: N/A | SpanID: N/A] [main] o.s.orm.jpa.LocalContainerEntityManagerFactoryBean#buildNativeEntityManagerFactory : Initialized JPA EntityManagerFactory for persistence unit 'default'
2026-01-10 14:30:40.926 INFO  [TraceID: N/A | SpanID: N/A] [main] o.s.data.jpa.repository.query.QueryEnhancerFactory#<clinit> : Hibernate is in classpath; If applicable, HQL parser will be used.
2026-01-10 14:30:42.171 INFO  [TraceID: N/A | SpanID: N/A] [main] o.s.s.c.a.a.c.InitializeAuthenticationProviderBeanManagerConfigurer$InitializeAuthenticationProviderManagerConfigurer#configure : Global AuthenticationManager configured with AuthenticationProvider bean with name authenticationProvider
2026-01-10 14:30:42.174 WARN  [TraceID: N/A | SpanID: N/A] [main] o.s.s.c.a.a.c.InitializeUserDetailsBeanManagerConfigurer$InitializeUserDetailsManagerConfigurer#configure : Global AuthenticationManager configured with an AuthenticationProvider bean. UserDetailsService beans will not be used by Spring Security for automatically configuring username/password login. Consider removing the AuthenticationProvider bean. Alternatively, consider using the UserDetailsService in a manually instantiated DaoAuthenticationProvider. If the current configuration is intentional, to turn off this warning, increase the logging level of 'org.springframework.security.config.annotation.authentication.configuration.InitializeUserDetailsBeanManagerConfigurer' to ERROR
2026-01-10 14:30:42.967 WARN  [TraceID: N/A | SpanID: N/A] [main] o.s.b.a.o.j.JpaBaseConfiguration$JpaWebConfiguration#openEntityManagerInViewInterceptor : spring.jpa.open-in-view is enabled by default. Therefore, database queries may be performed during view rendering. Explicitly configure spring.jpa.open-in-view to disable this warning
2026-01-10 14:30:44.020 INFO  [TraceID: N/A | SpanID: N/A] [main] o.s.b.actuate.endpoint.web.EndpointLinksResolver#<init> : Exposing 1 endpoint beneath base path '/actuator'
2026-01-10 14:30:45.147 INFO  [TraceID: N/A | SpanID: N/A] [main] org.apache.coyote.http11.Http11NioProtocol#log : Starting ProtocolHandler ["http-nio-5405"]
2026-01-10 14:30:45.190 INFO  [TraceID: N/A | SpanID: N/A] [main] o.s.boot.web.embedded.tomcat.TomcatWebServer#start : Tomcat started on port 5405 (http) with context path '/'
2026-01-10 14:30:45.214 INFO  [TraceID: N/A | SpanID: N/A] [main] c.c.microservice_auth.MicroserviceAuthApplication#logStarted : Started MicroserviceAuthApplication in 29.931 seconds (process running for 31.491)
2026-01-10 14:57:31.668 INFO  [TraceID: N/A | SpanID: N/A] [http-nio-5405-exec-2] o.a.c.core.ContainerBase.[Tomcat].[localhost].[/]#log : Initializing Spring DispatcherServlet 'dispatcherServlet'
2026-01-10 14:57:31.669 INFO  [TraceID: N/A | SpanID: N/A] [http-nio-5405-exec-2] org.springframework.web.servlet.DispatcherServlet#initServletBean : Initializing Servlet 'dispatcherServlet'
2026-01-10 14:57:31.670 INFO  [TraceID: N/A | SpanID: N/A] [http-nio-5405-exec-2] org.springframework.web.servlet.DispatcherServlet#initServletBean : Completed initialization in 1 ms
2026-01-10 14:57:31.792 INFO  [TraceID: 6962af2b4522ab92be5be399b5654361 | SpanID: 2d247f0b699f2216] [http-nio-5405-exec-2] c.c.microservice_auth.aspect.ObservabilityAspect#handleLogging : [START] | Process: USER_LOGIN | Method: loginAuthenticate | Arguments: [Hidden]
2026-01-10 14:57:31.793 INFO  [TraceID: 6962af2b4522ab92be5be399b5654361 | SpanID: 2d247f0b699f2216] [http-nio-5405-exec-2] c.c.m.ServiceImpl.auth.LoginServiceImpl#loginAuthenticate : Begin Login with user: user
2026-01-10 14:57:32.356 INFO  [TraceID: 6962af2b4522ab92be5be399b5654361 | SpanID: 2d247f0b699f2216] [http-nio-5405-exec-2] c.c.m.ServiceImpl.auth.LoginServiceImpl#loginAuthenticate : End Login - Successfull
2026-01-10 14:57:32.357 INFO  [TraceID: 6962af2b4522ab92be5be399b5654361 | SpanID: 2d247f0b699f2216] [http-nio-5405-exec-2] c.c.microservice_auth.aspect.ObservabilityAspect#handleLogging : [END] | Process: USER_LOGIN | Method: loginAuthenticate | Time: 565 | Arguments: [Hidden]
