2026-01-04 18:49:22.531 INFO  [TraceID: N/A] [main] c.c.m.MicroserviceAuthApplication : Starting MicroserviceAuthApplication using Java 21.0.5 with PID 6172 (D:\projects\Vetly\vetly\microservice-auth\target\classes started by LUIS in D:\projects\Vetly\vetly)
2026-01-04 18:49:22.535 INFO  [TraceID: N/A] [main] c.c.m.MicroserviceAuthApplication : No active profile set, falling back to 1 default profile: "default"
2026-01-04 18:49:24.247 INFO  [TraceID: N/A] [main] o.s.d.r.c.RepositoryConfigurationDelegate : Bootstrapping Spring Data JPA repositories in DEFAULT mode.
2026-01-04 18:49:24.409 INFO  [TraceID: N/A] [main] o.s.d.r.c.RepositoryConfigurationDelegate : Finished Spring Data repository scanning in 150 ms. Found 7 JPA repository interfaces.
2026-01-04 18:49:25.627 INFO  [TraceID: N/A] [main] o.s.b.w.e.tomcat.TomcatWebServer : Tomcat initialized with port 5405 (http)
2026-01-04 18:49:25.688 INFO  [TraceID: N/A] [main] o.a.coyote.http11.Http11NioProtocol : Initializing ProtocolHandler ["http-nio-5405"]
2026-01-04 18:49:25.691 INFO  [TraceID: N/A] [main] o.a.catalina.core.StandardService : Starting service [Tomcat]
2026-01-04 18:49:25.692 INFO  [TraceID: N/A] [main] o.a.catalina.core.StandardEngine : Starting Servlet engine: [Apache Tomcat/10.1.43]
2026-01-04 18:49:25.775 INFO  [TraceID: N/A] [main] o.a.c.c.C.[Tomcat].[localhost].[/] : Initializing Spring embedded WebApplicationContext
2026-01-04 18:49:25.776 INFO  [TraceID: N/A] [main] o.s.b.w.s.c.ServletWebServerApplicationContext : Root WebApplicationContext: initialization completed in 3086 ms
2026-01-04 18:49:26.467 INFO  [TraceID: N/A] [main] com.zaxxer.hikari.HikariDataSource : HikariPool-1 - Starting...
2026-01-04 18:49:26.708 INFO  [TraceID: N/A] [main] com.zaxxer.hikari.pool.HikariPool : HikariPool-1 - Added connection org.postgresql.jdbc.PgConnection@1cb849b2
2026-01-04 18:49:26.712 INFO  [TraceID: N/A] [main] com.zaxxer.hikari.HikariDataSource : HikariPool-1 - Start completed.
2026-01-04 18:49:26.761 INFO  [TraceID: N/A] [main] org.flywaydb.core.FlywayExecutor : Database: jdbc:postgresql://localhost:5433/authentication_vetly (PostgreSQL 17.6)
2026-01-04 18:49:26.866 INFO  [TraceID: N/A] [main] o.f.core.internal.command.DbValidate : Successfully validated 4 migrations (execution time 00:00.050s)
2026-01-04 18:49:26.898 INFO  [TraceID: N/A] [main] o.f.core.internal.command.DbMigrate : Current version of schema "public": 4
2026-01-04 18:49:26.904 INFO  [TraceID: N/A] [main] o.f.core.internal.command.DbMigrate : Schema "public" is up to date. No migration necessary.
2026-01-04 18:49:27.113 INFO  [TraceID: N/A] [main] o.h.jpa.internal.util.LogHelper : HHH000204: Processing PersistenceUnitInfo [name: default]
2026-01-04 18:49:27.230 INFO  [TraceID: N/A] [main] org.hibernate.Version : HHH000412: Hibernate ORM core version 6.6.22.Final
2026-01-04 18:49:27.304 INFO  [TraceID: N/A] [main] o.h.c.i.RegionFactoryInitiator : HHH000026: Second-level cache disabled
2026-01-04 18:49:27.721 INFO  [TraceID: N/A] [main] o.s.o.j.p.SpringPersistenceUnitInfo : No LoadTimeWeaver setup: ignoring JPA class transformer
2026-01-04 18:49:27.824 INFO  [TraceID: N/A] [main] o.hibernate.orm.connections.pooling : HHH10001005: Database info:
	Database JDBC URL [Connecting through datasource 'HikariDataSource (HikariPool-1)']
	Database driver: undefined/unknown
	Database version: 17.6
	Autocommit mode: undefined/unknown
	Isolation level: undefined/unknown
	Minimum pool size: undefined/unknown
	Maximum pool size: undefined/unknown
2026-01-04 18:49:28.640 INFO  [TraceID: N/A] [main] o.h.m.i.EntityInstantiatorPojoStandard : HHH000182: No default (no-argument) constructor for class: com.company.microservice_auth.entity.AuditLogin (class must be instantiated by Interceptor)
2026-01-04 18:49:28.992 INFO  [TraceID: N/A] [main] o.h.e.t.j.p.i.JtaPlatformInitiator : HHH000489: No JTA platform available (set 'hibernate.transaction.jta.platform' to enable JTA platform integration)
2026-01-04 18:49:28.996 INFO  [TraceID: N/A] [main] o.s.o.j.LocalContainerEntityManagerFactoryBean : Initialized JPA EntityManagerFactory for persistence unit 'default'
2026-01-04 18:49:29.499 INFO  [TraceID: N/A] [main] o.s.d.j.r.query.QueryEnhancerFactory : Hibernate is in classpath; If applicable, HQL parser will be used.
2026-01-04 18:49:30.278 INFO  [TraceID: N/A] [main] o.s.s.c.a.a.c.InitializeAuthenticationProviderBeanManagerConfigurer$InitializeAuthenticationProviderManagerConfigurer : Global AuthenticationManager configured with AuthenticationProvider bean with name authenticationProvider
2026-01-04 18:49:30.279 WARN  [TraceID: N/A] [main] o.s.s.c.a.a.c.InitializeUserDetailsBeanManagerConfigurer$InitializeUserDetailsManagerConfigurer : Global AuthenticationManager configured with an AuthenticationProvider bean. UserDetailsService beans will not be used by Spring Security for automatically configuring username/password login. Consider removing the AuthenticationProvider bean. Alternatively, consider using the UserDetailsService in a manually instantiated DaoAuthenticationProvider. If the current configuration is intentional, to turn off this warning, increase the logging level of 'org.springframework.security.config.annotation.authentication.configuration.InitializeUserDetailsBeanManagerConfigurer' to ERROR
2026-01-04 18:49:31.377 WARN  [TraceID: N/A] [main] o.s.b.a.o.j.JpaBaseConfiguration$JpaWebConfiguration : spring.jpa.open-in-view is enabled by default. Therefore, database queries may be performed during view rendering. Explicitly configure spring.jpa.open-in-view to disable this warning
2026-01-04 18:49:31.918 INFO  [TraceID: N/A] [main] o.s.b.a.e.web.EndpointLinksResolver : Exposing 1 endpoint beneath base path '/actuator'
2026-01-04 18:49:32.639 INFO  [TraceID: N/A] [main] o.a.coyote.http11.Http11NioProtocol : Starting ProtocolHandler ["http-nio-5405"]
2026-01-04 18:49:32.660 INFO  [TraceID: N/A] [main] o.s.b.w.e.tomcat.TomcatWebServer : Tomcat started on port 5405 (http) with context path '/'
2026-01-04 18:49:32.679 INFO  [TraceID: N/A] [main] c.c.m.MicroserviceAuthApplication : Started MicroserviceAuthApplication in 10.995 seconds (process running for 11.634)
