2026-01-04 18:59:15.129 INFO  [TraceID: N/A | SpanID: N/A] [main] c.c.microservice_auth.MicroserviceAuthApplication#logStarting : Starting MicroserviceAuthApplication using Java 21.0.5 with PID 10996 (D:\projects\Vetly\vetly\microservice-auth\target\classes started by LUIS in D:\projects\Vetly\vetly)
2026-01-04 18:59:15.135 INFO  [TraceID: N/A | SpanID: N/A] [main] c.c.microservice_auth.MicroserviceAuthApplication#logStartupProfileInfo : No active profile set, falling back to 1 default profile: "default"
2026-01-04 18:59:17.337 INFO  [TraceID: N/A | SpanID: N/A] [main] o.s.d.r.config.RepositoryConfigurationDelegate#registerRepositoriesIn : Bootstrapping Spring Data JPA repositories in DEFAULT mode.
2026-01-04 18:59:17.494 INFO  [TraceID: N/A | SpanID: N/A] [main] o.s.d.r.config.RepositoryConfigurationDelegate#registerRepositoriesIn : Finished Spring Data repository scanning in 142 ms. Found 7 JPA repository interfaces.
2026-01-04 18:59:18.544 INFO  [TraceID: N/A | SpanID: N/A] [main] o.s.boot.web.embedded.tomcat.TomcatWebServer#initialize : Tomcat initialized with port 5405 (http)
2026-01-04 18:59:18.561 INFO  [TraceID: N/A | SpanID: N/A] [main] org.apache.coyote.http11.Http11NioProtocol#log : Initializing ProtocolHandler ["http-nio-5405"]
2026-01-04 18:59:18.565 INFO  [TraceID: N/A | SpanID: N/A] [main] org.apache.catalina.core.StandardService#log : Starting service [Tomcat]
2026-01-04 18:59:18.566 INFO  [TraceID: N/A | SpanID: N/A] [main] org.apache.catalina.core.StandardEngine#log : Starting Servlet engine: [Apache Tomcat/10.1.43]
2026-01-04 18:59:18.636 INFO  [TraceID: N/A | SpanID: N/A] [main] o.a.c.core.ContainerBase.[Tomcat].[localhost].[/]#log : Initializing Spring embedded WebApplicationContext
2026-01-04 18:59:18.637 INFO  [TraceID: N/A | SpanID: N/A] [main] o.s.b.w.s.c.ServletWebServerApplicationContext#prepareWebApplicationContext : Root WebApplicationContext: initialization completed in 3420 ms
2026-01-04 18:59:19.340 INFO  [TraceID: N/A | SpanID: N/A] [main] com.zaxxer.hikari.HikariDataSource#getConnection : HikariPool-1 - Starting...
2026-01-04 18:59:19.643 INFO  [TraceID: N/A | SpanID: N/A] [main] com.zaxxer.hikari.pool.HikariPool#checkFailFast : HikariPool-1 - Added connection org.postgresql.jdbc.PgConnection@e994ca
2026-01-04 18:59:19.645 INFO  [TraceID: N/A | SpanID: N/A] [main] com.zaxxer.hikari.HikariDataSource#getConnection : HikariPool-1 - Start completed.
2026-01-04 18:59:19.691 INFO  [TraceID: N/A | SpanID: N/A] [main] org.flywaydb.core.FlywayExecutor#info : Database: jdbc:postgresql://localhost:5433/authentication_vetly (PostgreSQL 17.6)
2026-01-04 18:59:19.899 INFO  [TraceID: N/A | SpanID: N/A] [main] org.flywaydb.core.internal.command.DbValidate#info : Successfully validated 4 migrations (execution time 00:00.138s)
2026-01-04 18:59:19.936 INFO  [TraceID: N/A | SpanID: N/A] [main] org.flywaydb.core.internal.command.DbMigrate#info : Current version of schema "public": 4
2026-01-04 18:59:19.948 INFO  [TraceID: N/A | SpanID: N/A] [main] org.flywaydb.core.internal.command.DbMigrate#info : Schema "public" is up to date. No migration necessary.
2026-01-04 18:59:20.141 INFO  [TraceID: N/A | SpanID: N/A] [main] org.hibernate.jpa.internal.util.LogHelper#logPersistenceUnitInformation : HHH000204: Processing PersistenceUnitInfo [name: default]
2026-01-04 18:59:20.257 INFO  [TraceID: N/A | SpanID: N/A] [main] org.hibernate.Version#logVersion : HHH000412: Hibernate ORM core version 6.6.22.Final
2026-01-04 18:59:20.310 INFO  [TraceID: N/A | SpanID: N/A] [main] o.hibernate.cache.internal.RegionFactoryInitiator#initiateService : HHH000026: Second-level cache disabled
2026-01-04 18:59:20.703 INFO  [TraceID: N/A | SpanID: N/A] [main] o.s.o.j.persistenceunit.SpringPersistenceUnitInfo#addTransformer : No LoadTimeWeaver setup: ignoring JPA class transformer
2026-01-04 18:59:20.818 INFO  [TraceID: N/A | SpanID: N/A] [main] org.hibernate.orm.connections.pooling#logConnectionInfo : HHH10001005: Database info:
	Database JDBC URL [Connecting through datasource 'HikariDataSource (HikariPool-1)']
	Database driver: undefined/unknown
	Database version: 17.6
	Autocommit mode: undefined/unknown
	Isolation level: undefined/unknown
	Minimum pool size: undefined/unknown
	Maximum pool size: undefined/unknown
2026-01-04 18:59:21.676 INFO  [TraceID: N/A | SpanID: N/A] [main] o.h.m.internal.EntityInstantiatorPojoStandard#resolveConstructor : HHH000182: No default (no-argument) constructor for class: com.company.microservice_auth.entity.AuditLogin (class must be instantiated by Interceptor)
2026-01-04 18:59:22.116 INFO  [TraceID: N/A | SpanID: N/A] [main] o.h.e.t.jta.platform.internal.JtaPlatformInitiator#initiateService : HHH000489: No JTA platform available (set 'hibernate.transaction.jta.platform' to enable JTA platform integration)
2026-01-04 18:59:22.119 INFO  [TraceID: N/A | SpanID: N/A] [main] o.s.orm.jpa.LocalContainerEntityManagerFactoryBean#buildNativeEntityManagerFactory : Initialized JPA EntityManagerFactory for persistence unit 'default'
2026-01-04 18:59:22.583 INFO  [TraceID: N/A | SpanID: N/A] [main] o.s.data.jpa.repository.query.QueryEnhancerFactory#<clinit> : Hibernate is in classpath; If applicable, HQL parser will be used.
2026-01-04 18:59:23.334 INFO  [TraceID: N/A | SpanID: N/A] [main] o.s.s.c.a.a.c.InitializeAuthenticationProviderBeanManagerConfigurer$InitializeAuthenticationProviderManagerConfigurer#configure : Global AuthenticationManager configured with AuthenticationProvider bean with name authenticationProvider
2026-01-04 18:59:23.335 WARN  [TraceID: N/A | SpanID: N/A] [main] o.s.s.c.a.a.c.InitializeUserDetailsBeanManagerConfigurer$InitializeUserDetailsManagerConfigurer#configure : Global AuthenticationManager configured with an AuthenticationProvider bean. UserDetailsService beans will not be used by Spring Security for automatically configuring username/password login. Consider removing the AuthenticationProvider bean. Alternatively, consider using the UserDetailsService in a manually instantiated DaoAuthenticationProvider. If the current configuration is intentional, to turn off this warning, increase the logging level of 'org.springframework.security.config.annotation.authentication.configuration.InitializeUserDetailsBeanManagerConfigurer' to ERROR
2026-01-04 18:59:23.575 WARN  [TraceID: N/A | SpanID: N/A] [main] o.s.b.a.o.j.JpaBaseConfiguration$JpaWebConfiguration#openEntityManagerInViewInterceptor : spring.jpa.open-in-view is enabled by default. Therefore, database queries may be performed during view rendering. Explicitly configure spring.jpa.open-in-view to disable this warning
2026-01-04 18:59:23.997 INFO  [TraceID: N/A | SpanID: N/A] [main] o.s.b.actuate.endpoint.web.EndpointLinksResolver#<init> : Exposing 1 endpoint beneath base path '/actuator'
2026-01-04 18:59:24.616 INFO  [TraceID: N/A | SpanID: N/A] [main] org.apache.coyote.http11.Http11NioProtocol#log : Starting ProtocolHandler ["http-nio-5405"]
2026-01-04 18:59:24.638 INFO  [TraceID: N/A | SpanID: N/A] [main] o.s.boot.web.embedded.tomcat.TomcatWebServer#start : Tomcat started on port 5405 (http) with context path '/'
2026-01-04 18:59:24.653 INFO  [TraceID: N/A | SpanID: N/A] [main] c.c.microservice_auth.MicroserviceAuthApplication#logStarted : Started MicroserviceAuthApplication in 10.402 seconds (process running for 11.234)
2026-01-04 18:59:33.161 INFO  [TraceID: N/A | SpanID: N/A] [http-nio-5405-exec-2] o.a.c.core.ContainerBase.[Tomcat].[localhost].[/]#log : Initializing Spring DispatcherServlet 'dispatcherServlet'
2026-01-04 18:59:33.161 INFO  [TraceID: N/A | SpanID: N/A] [http-nio-5405-exec-2] org.springframework.web.servlet.DispatcherServlet#initServletBean : Initializing Servlet 'dispatcherServlet'
2026-01-04 18:59:33.163 INFO  [TraceID: N/A | SpanID: N/A] [http-nio-5405-exec-2] org.springframework.web.servlet.DispatcherServlet#initServletBean : Completed initialization in 2 ms
2026-01-04 18:59:33.301 INFO  [TraceID: 695afee5a1e98bf64f83c8a162e623d4 | SpanID: a283533faec7312b] [http-nio-5405-exec-2] c.c.microservice_auth.aspect.ObservabilityAspect#handleLogging : [START] | Process: USER_LOGIN | Method: loginAuthenticate | Arguments: [Hidden]
2026-01-04 18:59:33.302 INFO  [TraceID: 695afee5a1e98bf64f83c8a162e623d4 | SpanID: a283533faec7312b] [http-nio-5405-exec-2] c.c.m.ServiceImpl.auth.LoginServiceImpl#loginAuthenticate : Begin Login with user: user
2026-01-04 18:59:33.798 ERROR [TraceID: 695afee5a1e98bf64f83c8a162e623d4 | SpanID: a283533faec7312b] [http-nio-5405-exec-2] c.c.microservice_auth.aspect.ObservabilityAspect#handleLogging : [END ERROR] | Process: USER_LOGIN | Method: loginAuthenticate | Time: 497 | ErrorMessage: Bad credentials
2026-01-04 18:59:40.573 INFO  [TraceID: 695afeec88552380600760bbde8bdd94 | SpanID: 403299a1221fe22d] [http-nio-5405-exec-4] c.c.microservice_auth.aspect.ObservabilityAspect#handleLogging : [START] | Process: USER_LOGIN | Method: loginAuthenticate | Arguments: [Hidden]
2026-01-04 18:59:40.575 INFO  [TraceID: 695afeec88552380600760bbde8bdd94 | SpanID: 403299a1221fe22d] [http-nio-5405-exec-4] c.c.m.ServiceImpl.auth.LoginServiceImpl#loginAuthenticate : Begin Login with user: user
2026-01-04 18:59:40.698 INFO  [TraceID: 695afeec88552380600760bbde8bdd94 | SpanID: 403299a1221fe22d] [http-nio-5405-exec-4] c.c.m.ServiceImpl.auth.LoginServiceImpl#loginAuthenticate : End Login - Successfull
2026-01-04 18:59:40.698 INFO  [TraceID: 695afeec88552380600760bbde8bdd94 | SpanID: 403299a1221fe22d] [http-nio-5405-exec-4] c.c.microservice_auth.aspect.ObservabilityAspect#handleLogging : [END] | Process: USER_LOGIN | Method: loginAuthenticate | Time: 125 | Arguments: [Hidden]
2026-01-04 18:59:56.271 INFO  [TraceID: N/A | SpanID: N/A] [SpringApplicationShutdownHook] o.s.boot.web.embedded.tomcat.GracefulShutdown#shutDownGracefully : Commencing graceful shutdown. Waiting for active requests to complete
2026-01-04 18:59:56.279 INFO  [TraceID: N/A | SpanID: N/A] [tomcat-shutdown] o.s.boot.web.embedded.tomcat.GracefulShutdown#doShutdown : Graceful shutdown complete
2026-01-04 18:59:56.284 INFO  [TraceID: N/A | SpanID: N/A] [SpringApplicationShutdownHook] o.s.orm.jpa.LocalContainerEntityManagerFactoryBean#destroy : Closing JPA EntityManagerFactory for persistence unit 'default'
2026-01-04 18:59:56.287 INFO  [TraceID: N/A | SpanID: N/A] [SpringApplicationShutdownHook] com.zaxxer.hikari.HikariDataSource#close : HikariPool-1 - Shutdown initiated...
2026-01-04 18:59:56.293 INFO  [TraceID: N/A | SpanID: N/A] [SpringApplicationShutdownHook] com.zaxxer.hikari.HikariDataSource#close : HikariPool-1 - Shutdown completed.
