2026-01-10 16:49:49.739 INFO  [TraceID: N/A | SpanID: N/A] [SpringApplicationShutdownHook] o.s.boot.web.embedded.tomcat.GracefulShutdown#shutDownGracefully : Commencing graceful shutdown. Waiting for active requests to complete
2026-01-10 16:49:49.757 INFO  [TraceID: N/A | SpanID: N/A] [tomcat-shutdown] o.s.boot.web.embedded.tomcat.GracefulShutdown#doShutdown : Graceful shutdown complete
2026-01-10 16:49:49.774 INFO  [TraceID: N/A | SpanID: N/A] [SpringApplicationShutdownHook] o.s.orm.jpa.LocalContainerEntityManagerFactoryBean#destroy : Closing JPA EntityManagerFactory for persistence unit 'default'
2026-01-10 16:49:49.779 INFO  [TraceID: N/A | SpanID: N/A] [SpringApplicationShutdownHook] com.zaxxer.hikari.HikariDataSource#close : HikariPool-1 - Shutdown initiated...
2026-01-10 16:49:49.784 INFO  [TraceID: N/A | SpanID: N/A] [SpringApplicationShutdownHook] com.zaxxer.hikari.HikariDataSource#close : HikariPool-1 - Shutdown completed.
2026-01-10 16:49:56.943 INFO  [TraceID: N/A | SpanID: N/A] [main] c.c.microservice_auth.MicroserviceAuthApplication#logStarting : Starting MicroserviceAuthApplication using Java 21.0.5 with PID 24212 (D:\projects\Vetly\vetly\microservice-auth\target\classes started by LUIS in D:\projects\Vetly\vetly)
2026-01-10 16:49:56.947 INFO  [TraceID: N/A | SpanID: N/A] [main] c.c.microservice_auth.MicroserviceAuthApplication#logStartupProfileInfo : No active profile set, falling back to 1 default profile: "default"
2026-01-10 16:49:58.986 INFO  [TraceID: N/A | SpanID: N/A] [main] o.s.d.r.config.RepositoryConfigurationDelegate#registerRepositoriesIn : Bootstrapping Spring Data JPA repositories in DEFAULT mode.
2026-01-10 16:49:59.146 INFO  [TraceID: N/A | SpanID: N/A] [main] o.s.d.r.config.RepositoryConfigurationDelegate#registerRepositoriesIn : Finished Spring Data repository scanning in 147 ms. Found 7 JPA repository interfaces.
2026-01-10 16:50:00.462 INFO  [TraceID: N/A | SpanID: N/A] [main] o.s.boot.web.embedded.tomcat.TomcatWebServer#initialize : Tomcat initialized with port 5405 (http)
2026-01-10 16:50:00.480 INFO  [TraceID: N/A | SpanID: N/A] [main] org.apache.coyote.http11.Http11NioProtocol#log : Initializing ProtocolHandler ["http-nio-5405"]
2026-01-10 16:50:00.495 INFO  [TraceID: N/A | SpanID: N/A] [main] org.apache.catalina.core.StandardService#log : Starting service [Tomcat]
2026-01-10 16:50:00.495 INFO  [TraceID: N/A | SpanID: N/A] [main] org.apache.catalina.core.StandardEngine#log : Starting Servlet engine: [Apache Tomcat/10.1.43]
2026-01-10 16:50:00.578 INFO  [TraceID: N/A | SpanID: N/A] [main] o.a.c.core.ContainerBase.[Tomcat].[localhost].[/]#log : Initializing Spring embedded WebApplicationContext
2026-01-10 16:50:00.579 INFO  [TraceID: N/A | SpanID: N/A] [main] o.s.b.w.s.c.ServletWebServerApplicationContext#prepareWebApplicationContext : Root WebApplicationContext: initialization completed in 3569 ms
2026-01-10 16:50:01.244 INFO  [TraceID: N/A | SpanID: N/A] [main] com.zaxxer.hikari.HikariDataSource#getConnection : HikariPool-1 - Starting...
2026-01-10 16:50:01.490 INFO  [TraceID: N/A | SpanID: N/A] [main] com.zaxxer.hikari.pool.HikariPool#checkFailFast : HikariPool-1 - Added connection org.postgresql.jdbc.PgConnection@7037a680
2026-01-10 16:50:01.492 INFO  [TraceID: N/A | SpanID: N/A] [main] com.zaxxer.hikari.HikariDataSource#getConnection : HikariPool-1 - Start completed.
2026-01-10 16:50:01.533 INFO  [TraceID: N/A | SpanID: N/A] [main] org.flywaydb.core.FlywayExecutor#info : Database: jdbc:postgresql://localhost:5433/authentication_vetly (PostgreSQL 17.6)
2026-01-10 16:50:01.689 INFO  [TraceID: N/A | SpanID: N/A] [main] org.flywaydb.core.internal.command.DbValidate#info : Successfully validated 5 migrations (execution time 00:00.116s)
2026-01-10 16:50:01.737 INFO  [TraceID: N/A | SpanID: N/A] [main] org.flywaydb.core.internal.command.DbMigrate#info : Current version of schema "public": 5
2026-01-10 16:50:01.759 INFO  [TraceID: N/A | SpanID: N/A] [main] org.flywaydb.core.internal.command.DbMigrate#info : Schema "public" is up to date. No migration necessary.
2026-01-10 16:50:02.019 INFO  [TraceID: N/A | SpanID: N/A] [main] org.hibernate.jpa.internal.util.LogHelper#logPersistenceUnitInformation : HHH000204: Processing PersistenceUnitInfo [name: default]
2026-01-10 16:50:02.168 INFO  [TraceID: N/A | SpanID: N/A] [main] org.hibernate.Version#logVersion : HHH000412: Hibernate ORM core version 6.6.22.Final
2026-01-10 16:50:02.239 INFO  [TraceID: N/A | SpanID: N/A] [main] o.hibernate.cache.internal.RegionFactoryInitiator#initiateService : HHH000026: Second-level cache disabled
2026-01-10 16:50:02.619 INFO  [TraceID: N/A | SpanID: N/A] [main] o.s.o.j.persistenceunit.SpringPersistenceUnitInfo#addTransformer : No LoadTimeWeaver setup: ignoring JPA class transformer
2026-01-10 16:50:02.731 INFO  [TraceID: N/A | SpanID: N/A] [main] org.hibernate.orm.connections.pooling#logConnectionInfo : HHH10001005: Database info:
	Database JDBC URL [Connecting through datasource 'HikariDataSource (HikariPool-1)']
	Database driver: undefined/unknown
	Database version: 17.6
	Autocommit mode: undefined/unknown
	Isolation level: undefined/unknown
	Minimum pool size: undefined/unknown
	Maximum pool size: undefined/unknown
2026-01-10 16:50:03.631 INFO  [TraceID: N/A | SpanID: N/A] [main] o.h.m.internal.EntityInstantiatorPojoStandard#resolveConstructor : HHH000182: No default (no-argument) constructor for class: com.company.microservice_auth.entity.AuditLogin (class must be instantiated by Interceptor)
2026-01-10 16:50:03.995 INFO  [TraceID: N/A | SpanID: N/A] [main] o.h.e.t.jta.platform.internal.JtaPlatformInitiator#initiateService : HHH000489: No JTA platform available (set 'hibernate.transaction.jta.platform' to enable JTA platform integration)
2026-01-10 16:50:03.997 INFO  [TraceID: N/A | SpanID: N/A] [main] o.s.orm.jpa.LocalContainerEntityManagerFactoryBean#buildNativeEntityManagerFactory : Initialized JPA EntityManagerFactory for persistence unit 'default'
2026-01-10 16:50:04.381 INFO  [TraceID: N/A | SpanID: N/A] [main] o.s.data.jpa.repository.query.QueryEnhancerFactory#<clinit> : Hibernate is in classpath; If applicable, HQL parser will be used.
2026-01-10 16:50:05.453 INFO  [TraceID: N/A | SpanID: N/A] [main] o.s.s.c.a.a.c.InitializeAuthenticationProviderBeanManagerConfigurer$InitializeAuthenticationProviderManagerConfigurer#configure : Global AuthenticationManager configured with AuthenticationProvider bean with name authenticationProvider
2026-01-10 16:50:05.454 WARN  [TraceID: N/A | SpanID: N/A] [main] o.s.s.c.a.a.c.InitializeUserDetailsBeanManagerConfigurer$InitializeUserDetailsManagerConfigurer#configure : Global AuthenticationManager configured with an AuthenticationProvider bean. UserDetailsService beans will not be used by Spring Security for automatically configuring username/password login. Consider removing the AuthenticationProvider bean. Alternatively, consider using the UserDetailsService in a manually instantiated DaoAuthenticationProvider. If the current configuration is intentional, to turn off this warning, increase the logging level of 'org.springframework.security.config.annotation.authentication.configuration.InitializeUserDetailsBeanManagerConfigurer' to ERROR
2026-01-10 16:50:05.938 WARN  [TraceID: N/A | SpanID: N/A] [main] o.s.b.a.o.j.JpaBaseConfiguration$JpaWebConfiguration#openEntityManagerInViewInterceptor : spring.jpa.open-in-view is enabled by default. Therefore, database queries may be performed during view rendering. Explicitly configure spring.jpa.open-in-view to disable this warning
2026-01-10 16:50:06.325 INFO  [TraceID: N/A | SpanID: N/A] [main] o.s.b.actuate.endpoint.web.EndpointLinksResolver#<init> : Exposing 1 endpoint beneath base path '/actuator'
2026-01-10 16:50:07.048 INFO  [TraceID: N/A | SpanID: N/A] [main] org.apache.coyote.http11.Http11NioProtocol#log : Starting ProtocolHandler ["http-nio-5405"]
2026-01-10 16:50:07.074 INFO  [TraceID: N/A | SpanID: N/A] [main] o.s.boot.web.embedded.tomcat.TomcatWebServer#start : Tomcat started on port 5405 (http) with context path '/'
2026-01-10 16:50:07.089 INFO  [TraceID: N/A | SpanID: N/A] [main] c.c.microservice_auth.MicroserviceAuthApplication#logStarted : Started MicroserviceAuthApplication in 10.937 seconds (process running for 11.581)
2026-01-10 16:50:19.252 INFO  [TraceID: N/A | SpanID: N/A] [http-nio-5405-exec-2] o.a.c.core.ContainerBase.[Tomcat].[localhost].[/]#log : Initializing Spring DispatcherServlet 'dispatcherServlet'
2026-01-10 16:50:19.253 INFO  [TraceID: N/A | SpanID: N/A] [http-nio-5405-exec-2] org.springframework.web.servlet.DispatcherServlet#initServletBean : Initializing Servlet 'dispatcherServlet'
2026-01-10 16:50:19.255 INFO  [TraceID: N/A | SpanID: N/A] [http-nio-5405-exec-2] org.springframework.web.servlet.DispatcherServlet#initServletBean : Completed initialization in 2 ms
2026-01-10 16:50:19.364 INFO  [TraceID: 6962c99ba588eead8b2f2c81bc821500 | SpanID: 2a6597cfe5ca6d69] [http-nio-5405-exec-2] c.c.microservice_auth.aspect.ObservabilityAspect#handleLogging : [START] | Process: USER_LOGIN | Method: loginAuthenticate | Arguments: [Hidden]
2026-01-10 16:50:19.365 INFO  [TraceID: 6962c99ba588eead8b2f2c81bc821500 | SpanID: 2a6597cfe5ca6d69] [http-nio-5405-exec-2] c.c.m.ServiceImpl.auth.LoginServiceImpl#loginAuthenticate : Begin Login with user: user
2026-01-10 16:50:19.836 INFO  [TraceID: 6962c99ba588eead8b2f2c81bc821500 | SpanID: 2a6597cfe5ca6d69] [http-nio-5405-exec-2] c.c.m.ServiceImpl.auth.LoginServiceImpl#loginAuthenticate : End Login - Successfull
2026-01-10 16:50:19.837 INFO  [TraceID: 6962c99ba588eead8b2f2c81bc821500 | SpanID: 2a6597cfe5ca6d69] [http-nio-5405-exec-2] c.c.microservice_auth.aspect.ObservabilityAspect#handleLogging : [END] | Process: USER_LOGIN | Method: loginAuthenticate | Time: 473 | Arguments: [Hidden]
2026-01-10 16:56:39.735 INFO  [TraceID: N/A | SpanID: N/A] [SpringApplicationShutdownHook] o.s.boot.web.embedded.tomcat.GracefulShutdown#shutDownGracefully : Commencing graceful shutdown. Waiting for active requests to complete
2026-01-10 16:56:39.742 INFO  [TraceID: N/A | SpanID: N/A] [tomcat-shutdown] o.s.boot.web.embedded.tomcat.GracefulShutdown#doShutdown : Graceful shutdown complete
2026-01-10 16:56:39.749 INFO  [TraceID: N/A | SpanID: N/A] [SpringApplicationShutdownHook] o.s.orm.jpa.LocalContainerEntityManagerFactoryBean#destroy : Closing JPA EntityManagerFactory for persistence unit 'default'
2026-01-10 16:56:39.753 INFO  [TraceID: N/A | SpanID: N/A] [SpringApplicationShutdownHook] com.zaxxer.hikari.HikariDataSource#close : HikariPool-1 - Shutdown initiated...
2026-01-10 16:56:39.763 INFO  [TraceID: N/A | SpanID: N/A] [SpringApplicationShutdownHook] com.zaxxer.hikari.HikariDataSource#close : HikariPool-1 - Shutdown completed.
2026-01-10 16:56:42.842 INFO  [TraceID: N/A | SpanID: N/A] [main] c.c.microservice_auth.MicroserviceAuthApplication#logStarting : Starting MicroserviceAuthApplication using Java 21.0.5 with PID 9900 (D:\projects\Vetly\vetly\microservice-auth\target\classes started by LUIS in D:\projects\Vetly\vetly)
2026-01-10 16:56:42.845 INFO  [TraceID: N/A | SpanID: N/A] [main] c.c.microservice_auth.MicroserviceAuthApplication#logStartupProfileInfo : No active profile set, falling back to 1 default profile: "default"
2026-01-10 16:56:44.563 INFO  [TraceID: N/A | SpanID: N/A] [main] o.s.d.r.config.RepositoryConfigurationDelegate#registerRepositoriesIn : Bootstrapping Spring Data JPA repositories in DEFAULT mode.
2026-01-10 16:56:44.709 INFO  [TraceID: N/A | SpanID: N/A] [main] o.s.d.r.config.RepositoryConfigurationDelegate#registerRepositoriesIn : Finished Spring Data repository scanning in 131 ms. Found 7 JPA repository interfaces.
2026-01-10 16:56:45.671 INFO  [TraceID: N/A | SpanID: N/A] [main] o.s.boot.web.embedded.tomcat.TomcatWebServer#initialize : Tomcat initialized with port 5405 (http)
2026-01-10 16:56:45.686 INFO  [TraceID: N/A | SpanID: N/A] [main] org.apache.coyote.http11.Http11NioProtocol#log : Initializing ProtocolHandler ["http-nio-5405"]
2026-01-10 16:56:45.689 INFO  [TraceID: N/A | SpanID: N/A] [main] org.apache.catalina.core.StandardService#log : Starting service [Tomcat]
2026-01-10 16:56:45.689 INFO  [TraceID: N/A | SpanID: N/A] [main] org.apache.catalina.core.StandardEngine#log : Starting Servlet engine: [Apache Tomcat/10.1.43]
2026-01-10 16:56:45.867 INFO  [TraceID: N/A | SpanID: N/A] [main] o.a.c.core.ContainerBase.[Tomcat].[localhost].[/]#log : Initializing Spring embedded WebApplicationContext
2026-01-10 16:56:45.867 INFO  [TraceID: N/A | SpanID: N/A] [main] o.s.b.w.s.c.ServletWebServerApplicationContext#prepareWebApplicationContext : Root WebApplicationContext: initialization completed in 2963 ms
2026-01-10 16:56:46.481 INFO  [TraceID: N/A | SpanID: N/A] [main] com.zaxxer.hikari.HikariDataSource#getConnection : HikariPool-1 - Starting...
2026-01-10 16:56:46.676 INFO  [TraceID: N/A | SpanID: N/A] [main] com.zaxxer.hikari.pool.HikariPool#checkFailFast : HikariPool-1 - Added connection org.postgresql.jdbc.PgConnection@65259c53
2026-01-10 16:56:46.678 INFO  [TraceID: N/A | SpanID: N/A] [main] com.zaxxer.hikari.HikariDataSource#getConnection : HikariPool-1 - Start completed.
2026-01-10 16:56:46.719 INFO  [TraceID: N/A | SpanID: N/A] [main] org.flywaydb.core.FlywayExecutor#info : Database: jdbc:postgresql://localhost:5433/authentication_vetly (PostgreSQL 17.6)
2026-01-10 16:56:46.797 INFO  [TraceID: N/A | SpanID: N/A] [main] org.flywaydb.core.internal.command.DbValidate#info : Successfully validated 5 migrations (execution time 00:00.040s)
2026-01-10 16:56:46.850 INFO  [TraceID: N/A | SpanID: N/A] [main] org.flywaydb.core.internal.command.DbMigrate#info : Current version of schema "public": 5
2026-01-10 16:56:46.855 INFO  [TraceID: N/A | SpanID: N/A] [main] org.flywaydb.core.internal.command.DbMigrate#info : Schema "public" is up to date. No migration necessary.
2026-01-10 16:56:47.024 INFO  [TraceID: N/A | SpanID: N/A] [main] org.hibernate.jpa.internal.util.LogHelper#logPersistenceUnitInformation : HHH000204: Processing PersistenceUnitInfo [name: default]
2026-01-10 16:56:47.090 INFO  [TraceID: N/A | SpanID: N/A] [main] org.hibernate.Version#logVersion : HHH000412: Hibernate ORM core version 6.6.22.Final
2026-01-10 16:56:47.133 INFO  [TraceID: N/A | SpanID: N/A] [main] o.hibernate.cache.internal.RegionFactoryInitiator#initiateService : HHH000026: Second-level cache disabled
2026-01-10 16:56:47.505 INFO  [TraceID: N/A | SpanID: N/A] [main] o.s.o.j.persistenceunit.SpringPersistenceUnitInfo#addTransformer : No LoadTimeWeaver setup: ignoring JPA class transformer
2026-01-10 16:56:47.594 INFO  [TraceID: N/A | SpanID: N/A] [main] org.hibernate.orm.connections.pooling#logConnectionInfo : HHH10001005: Database info:
	Database JDBC URL [Connecting through datasource 'HikariDataSource (HikariPool-1)']
	Database driver: undefined/unknown
	Database version: 17.6
	Autocommit mode: undefined/unknown
	Isolation level: undefined/unknown
	Minimum pool size: undefined/unknown
	Maximum pool size: undefined/unknown
2026-01-10 16:56:48.384 INFO  [TraceID: N/A | SpanID: N/A] [main] o.h.m.internal.EntityInstantiatorPojoStandard#resolveConstructor : HHH000182: No default (no-argument) constructor for class: com.company.microservice_auth.entity.AuditLogin (class must be instantiated by Interceptor)
2026-01-10 16:56:48.718 INFO  [TraceID: N/A | SpanID: N/A] [main] o.h.e.t.jta.platform.internal.JtaPlatformInitiator#initiateService : HHH000489: No JTA platform available (set 'hibernate.transaction.jta.platform' to enable JTA platform integration)
2026-01-10 16:56:48.721 INFO  [TraceID: N/A | SpanID: N/A] [main] o.s.orm.jpa.LocalContainerEntityManagerFactoryBean#buildNativeEntityManagerFactory : Initialized JPA EntityManagerFactory for persistence unit 'default'
2026-01-10 16:56:49.054 INFO  [TraceID: N/A | SpanID: N/A] [main] o.s.data.jpa.repository.query.QueryEnhancerFactory#<clinit> : Hibernate is in classpath; If applicable, HQL parser will be used.
2026-01-10 16:56:49.693 INFO  [TraceID: N/A | SpanID: N/A] [main] o.s.s.c.a.a.c.InitializeAuthenticationProviderBeanManagerConfigurer$InitializeAuthenticationProviderManagerConfigurer#configure : Global AuthenticationManager configured with AuthenticationProvider bean with name authenticationProvider
2026-01-10 16:56:49.695 WARN  [TraceID: N/A | SpanID: N/A] [main] o.s.s.c.a.a.c.InitializeUserDetailsBeanManagerConfigurer$InitializeUserDetailsManagerConfigurer#configure : Global AuthenticationManager configured with an AuthenticationProvider bean. UserDetailsService beans will not be used by Spring Security for automatically configuring username/password login. Consider removing the AuthenticationProvider bean. Alternatively, consider using the UserDetailsService in a manually instantiated DaoAuthenticationProvider. If the current configuration is intentional, to turn off this warning, increase the logging level of 'org.springframework.security.config.annotation.authentication.configuration.InitializeUserDetailsBeanManagerConfigurer' to ERROR
2026-01-10 16:56:50.164 WARN  [TraceID: N/A | SpanID: N/A] [main] o.s.b.a.o.j.JpaBaseConfiguration$JpaWebConfiguration#openEntityManagerInViewInterceptor : spring.jpa.open-in-view is enabled by default. Therefore, database queries may be performed during view rendering. Explicitly configure spring.jpa.open-in-view to disable this warning
2026-01-10 16:56:50.583 INFO  [TraceID: N/A | SpanID: N/A] [main] o.s.b.actuate.endpoint.web.EndpointLinksResolver#<init> : Exposing 1 endpoint beneath base path '/actuator'
2026-01-10 16:56:51.243 INFO  [TraceID: N/A | SpanID: N/A] [main] org.apache.coyote.http11.Http11NioProtocol#log : Starting ProtocolHandler ["http-nio-5405"]
2026-01-10 16:56:51.263 INFO  [TraceID: N/A | SpanID: N/A] [main] o.s.boot.web.embedded.tomcat.TomcatWebServer#start : Tomcat started on port 5405 (http) with context path '/'
2026-01-10 16:56:51.276 INFO  [TraceID: N/A | SpanID: N/A] [main] c.c.microservice_auth.MicroserviceAuthApplication#logStarted : Started MicroserviceAuthApplication in 9.134 seconds (process running for 9.605)
2026-01-10 16:56:55.047 INFO  [TraceID: N/A | SpanID: N/A] [http-nio-5405-exec-2] o.a.c.core.ContainerBase.[Tomcat].[localhost].[/]#log : Initializing Spring DispatcherServlet 'dispatcherServlet'
2026-01-10 16:56:55.048 INFO  [TraceID: N/A | SpanID: N/A] [http-nio-5405-exec-2] org.springframework.web.servlet.DispatcherServlet#initServletBean : Initializing Servlet 'dispatcherServlet'
2026-01-10 16:56:55.050 INFO  [TraceID: N/A | SpanID: N/A] [http-nio-5405-exec-2] org.springframework.web.servlet.DispatcherServlet#initServletBean : Completed initialization in 2 ms
2026-01-10 16:56:55.170 INFO  [TraceID: 6962cb2795b26642741e47e63e5eb414 | SpanID: 9e458c3cc55f0bfc] [http-nio-5405-exec-2] c.c.microservice_auth.aspect.ObservabilityAspect#handleLogging : [START] | Process: USER_LOGIN | Method: loginAuthenticate | Arguments: [Hidden]
2026-01-10 16:56:55.171 INFO  [TraceID: 6962cb2795b26642741e47e63e5eb414 | SpanID: 9e458c3cc55f0bfc] [http-nio-5405-exec-2] c.c.m.ServiceImpl.auth.LoginServiceImpl#loginAuthenticate : Begin Login with user: user
2026-01-10 16:56:55.571 INFO  [TraceID: 6962cb2795b26642741e47e63e5eb414 | SpanID: 9e458c3cc55f0bfc] [http-nio-5405-exec-2] c.c.m.ServiceImpl.auth.LoginServiceImpl#loginAuthenticate : End Login - Successfull
2026-01-10 16:56:55.572 INFO  [TraceID: 6962cb2795b26642741e47e63e5eb414 | SpanID: 9e458c3cc55f0bfc] [http-nio-5405-exec-2] c.c.microservice_auth.aspect.ObservabilityAspect#handleLogging : [END] | Process: USER_LOGIN | Method: loginAuthenticate | Time: 402 | Arguments: [Hidden]
